Flow report for DE0_NANO
Thu Mar  2 17:51:03 2017
Quartus Prime Version 16.1.0 Build 196 10/24/2016 SJ Lite Edition


---------------------
; Table of Contents ;
---------------------
  1. Legal Notice
  2. Flow Summary
  3. Flow Settings
  4. Flow Non-Default Global Settings
  5. Flow Elapsed Time
  6. Flow OS Summary
  7. Flow Log
  8. Flow Messages
  9. Flow Suppressed Messages



----------------
; Legal Notice ;
----------------
Copyright (C) 2016  Intel Corporation. All rights reserved.
Your use of Intel Corporation's design tools, logic functions 
and other software and tools, and its AMPP partner logic 
functions, and any output files from any of the foregoing 
(including device programming or simulation files), and any 
associated documentation or information are expressly subject 
to the terms and conditions of the Intel Program License 
Subscription Agreement, the Intel Quartus Prime License Agreement,
the Intel MegaCore Function License Agreement, or other 
applicable license agreement, including, without limitation, 
that your use is for the sole purpose of programming logic 
devices manufactured by Intel and sold by Intel or its 
authorized distributors.  Please refer to the applicable 
agreement for further details.



+----------------------------------------------------------------------------------+
; Flow Summary                                                                     ;
+------------------------------------+---------------------------------------------+
; Flow Status                        ; Successful - Thu Mar  2 17:50:57 2017       ;
; Quartus Prime Version              ; 16.1.0 Build 196 10/24/2016 SJ Lite Edition ;
; Revision Name                      ; DE0_NANO                                    ;
; Top-level Entity Name              ; DE0_NANO                                    ;
; Family                             ; Cyclone IV E                                ;
; Device                             ; EP4CE22F17C6                                ;
; Timing Models                      ; Final                                       ;
; Total logic elements               ; 6,216 / 22,320 ( 28 % )                     ;
;     Total combinational functions  ; 4,974 / 22,320 ( 22 % )                     ;
;     Dedicated logic registers      ; 3,746 / 22,320 ( 17 % )                     ;
; Total registers                    ; 3815                                        ;
; Total pins                         ; 148 / 154 ( 96 % )                          ;
; Total virtual pins                 ; 0                                           ;
; Total memory bits                  ; 168,960 / 608,256 ( 28 % )                  ;
; Embedded Multiplier 9-bit elements ; 40 / 132 ( 30 % )                           ;
; Total PLLs                         ; 2 / 4 ( 50 % )                              ;
+------------------------------------+---------------------------------------------+


+-----------------------------------------+
; Flow Settings                           ;
+-------------------+---------------------+
; Option            ; Setting             ;
+-------------------+---------------------+
; Start date & time ; 03/02/2017 17:49:22 ;
; Main task         ; Compilation         ;
; Revision Name     ; DE0_NANO            ;
+-------------------+---------------------+


+-------------------------------------------------------------------------------------------------------------------------------------------------------------------+
; Flow Non-Default Global Settings                                                                                                                                  ;
+-------------------------------------+----------------------------------------------------------------------------+---------------+-------------+------------------+
; Assignment Name                     ; Value                                                                      ; Default Value ; Entity Name ; Section Id       ;
+-------------------------------------+----------------------------------------------------------------------------+---------------+-------------+------------------+
; COMPILER_SIGNATURE_ID               ; 215729412785073.148847336107453                                            ; --            ; --          ; --               ;
; ENABLE_SIGNALTAP                    ; On                                                                         ; --            ; --          ; --               ;
; MAX_CORE_JUNCTION_TEMP              ; 85                                                                         ; --            ; --          ; --               ;
; MIN_CORE_JUNCTION_TEMP              ; 0                                                                          ; --            ; --          ; --               ;
; MISC_FILE                           ; sdram_pll_bb.v                                                             ; --            ; --          ; --               ;
; MISC_FILE                           ; sdram_pll.ppf                                                              ; --            ; --          ; --               ;
; MISC_FILE                           ; Nios_sopc/synthesis/../Nios_sopc.cmp                                       ; --            ; --          ; --               ;
; MISC_FILE                           ; Nios_sopc/synthesis/../../Nios_sopc.qsys                                   ; --            ; --          ; --               ;
; MISC_FILE                           ; MTL_PLL_inst.v                                                             ; --            ; --          ; --               ;
; MISC_FILE                           ; MTL_PLL_bb.v                                                               ; --            ; --          ; --               ;
; MISC_FILE                           ; MTL_PLL.ppf                                                                ; --            ; --          ; --               ;
; PARTITION_COLOR                     ; -- (Not supported for targeted family)                                     ; --            ; --          ; Top              ;
; PARTITION_FITTER_PRESERVATION_LEVEL ; -- (Not supported for targeted family)                                     ; --            ; --          ; Top              ;
; PARTITION_NETLIST_TYPE              ; -- (Not supported for targeted family)                                     ; --            ; --          ; Top              ;
; POWER_BOARD_THERMAL_MODEL           ; None (CONSERVATIVE)                                                        ; --            ; --          ; --               ;
; POWER_PRESET_COOLING_SOLUTION       ; 23 MM HEAT SINK WITH 200 LFPM AIRFLOW                                      ; --            ; --          ; --               ;
; SLD_FILE                            ; Nios_sopc/synthesis/Nios_sopc.regmap                                       ; --            ; --          ; --               ;
; SLD_FILE                            ; Nios_sopc/synthesis/Nios_sopc.debuginfo                                    ; --            ; --          ; --               ;
; SLD_FILE                            ; db/stp_MTL_ports_auto_stripped.stp                                         ; --            ; --          ; --               ;
; SLD_INFO                            ; QSYS_NAME Nios_sopc HAS_SOPCINFO 1 GENERATION_ID 1488459373                ; --            ; Nios_sopc   ; --               ;
; SLD_NODE_CREATOR_ID                 ; 110                                                                        ; --            ; --          ; auto_signaltap_0 ;
; SLD_NODE_ENTITY_NAME                ; sld_signaltap                                                              ; --            ; --          ; auto_signaltap_0 ;
; SLD_NODE_PARAMETER_ASSIGNMENT       ; SLD_RAM_BLOCK_TYPE=AUTO                                                    ; --            ; --          ; auto_signaltap_0 ;
; SLD_NODE_PARAMETER_ASSIGNMENT       ; SLD_NODE_INFO=805334528                                                    ; --            ; --          ; auto_signaltap_0 ;
; SLD_NODE_PARAMETER_ASSIGNMENT       ; SLD_POWER_UP_TRIGGER=0                                                     ; --            ; --          ; auto_signaltap_0 ;
; SLD_NODE_PARAMETER_ASSIGNMENT       ; SLD_STORAGE_QUALIFIER_INVERSION_MASK_LENGTH=0                              ; --            ; --          ; auto_signaltap_0 ;
; SLD_NODE_PARAMETER_ASSIGNMENT       ; SLD_SEGMENT_SIZE=1024                                                      ; --            ; --          ; auto_signaltap_0 ;
; SLD_NODE_PARAMETER_ASSIGNMENT       ; SLD_ATTRIBUTE_MEM_MODE=OFF                                                 ; --            ; --          ; auto_signaltap_0 ;
; SLD_NODE_PARAMETER_ASSIGNMENT       ; SLD_STATE_FLOW_USE_GENERATED=0                                             ; --            ; --          ; auto_signaltap_0 ;
; SLD_NODE_PARAMETER_ASSIGNMENT       ; SLD_STATE_BITS=11                                                          ; --            ; --          ; auto_signaltap_0 ;
; SLD_NODE_PARAMETER_ASSIGNMENT       ; SLD_BUFFER_FULL_STOP=1                                                     ; --            ; --          ; auto_signaltap_0 ;
; SLD_NODE_PARAMETER_ASSIGNMENT       ; SLD_CURRENT_RESOURCE_WIDTH=1                                               ; --            ; --          ; auto_signaltap_0 ;
; SLD_NODE_PARAMETER_ASSIGNMENT       ; SLD_INCREMENTAL_ROUTING=1                                                  ; --            ; --          ; auto_signaltap_0 ;
; SLD_NODE_PARAMETER_ASSIGNMENT       ; SLD_TRIGGER_LEVEL=1                                                        ; --            ; --          ; auto_signaltap_0 ;
; SLD_NODE_PARAMETER_ASSIGNMENT       ; SLD_TRIGGER_IN_ENABLED=0                                                   ; --            ; --          ; auto_signaltap_0 ;
; SLD_NODE_PARAMETER_ASSIGNMENT       ; SLD_TRIGGER_LEVEL_PIPELINE=1                                               ; --            ; --          ; auto_signaltap_0 ;
; SLD_NODE_PARAMETER_ASSIGNMENT       ; SLD_SAMPLE_DEPTH=2048                                                      ; --            ; --          ; auto_signaltap_0 ;
; SLD_NODE_PARAMETER_ASSIGNMENT       ; SLD_INVERSION_MASK=000000000000000000000000                                ; --            ; --          ; auto_signaltap_0 ;
; SLD_NODE_PARAMETER_ASSIGNMENT       ; SLD_INVERSION_MASK_LENGTH=24                                               ; --            ; --          ; auto_signaltap_0 ;
; SLD_NODE_PARAMETER_ASSIGNMENT       ; SLD_ENABLE_ADVANCED_TRIGGER=1                                              ; --            ; --          ; auto_signaltap_0 ;
; SLD_NODE_PARAMETER_ASSIGNMENT       ; SLD_TRIGGER_PIPELINE=0                                                     ; --            ; --          ; auto_signaltap_0 ;
; SLD_NODE_PARAMETER_ASSIGNMENT       ; SLD_RAM_PIPELINE=0                                                         ; --            ; --          ; auto_signaltap_0 ;
; SLD_NODE_PARAMETER_ASSIGNMENT       ; SLD_COUNTER_PIPELINE=0                                                     ; --            ; --          ; auto_signaltap_0 ;
; SLD_NODE_PARAMETER_ASSIGNMENT       ; SLD_DATA_BITS=77                                                           ; --            ; --          ; auto_signaltap_0 ;
; SLD_NODE_PARAMETER_ASSIGNMENT       ; SLD_TRIGGER_BITS=77                                                        ; --            ; --          ; auto_signaltap_0 ;
; SLD_NODE_PARAMETER_ASSIGNMENT       ; SLD_STORAGE_QUALIFIER_BITS=77                                              ; --            ; --          ; auto_signaltap_0 ;
; SLD_NODE_PARAMETER_ASSIGNMENT       ; SLD_ADVANCED_TRIGGER_ENTITY=sld_reserved_DE0_NANO_auto_signaltap_0_1_7f0d, ; --            ; --          ; auto_signaltap_0 ;
; SOPCINFO_FILE                       ; Nios_sopc/synthesis/../../Nios_sopc.sopcinfo                               ; --            ; --          ; --               ;
; SYNTHESIS_ONLY_QIP                  ; On                                                                         ; --            ; --          ; --               ;
; USE_SIGNALTAP_FILE                  ; stp_MTL_ports.stp                                                          ; --            ; --          ; --               ;
+-------------------------------------+----------------------------------------------------------------------------+---------------+-------------+------------------+


+-------------------------------------------------------------------------------------------------------------------------------+
; Flow Elapsed Time                                                                                                             ;
+---------------------------+--------------+-------------------------+---------------------+------------------------------------+
; Module Name               ; Elapsed Time ; Average Processors Used ; Peak Virtual Memory ; Total CPU Time (on all processors) ;
+---------------------------+--------------+-------------------------+---------------------+------------------------------------+
; Analysis & Synthesis      ; 00:00:46     ; 1.0                     ; 1184 MB             ; 00:01:23                           ;
; Fitter                    ; 00:00:39     ; 1.1                     ; 1358 MB             ; 00:01:03                           ;
; Assembler                 ; 00:00:03     ; 1.0                     ; 845 MB              ; 00:00:03                           ;
; TimeQuest Timing Analyzer ; 00:00:05     ; 1.5                     ; 957 MB              ; 00:00:06                           ;
; Total                     ; 00:01:33     ; --                      ; --                  ; 00:02:35                           ;
+---------------------------+--------------+-------------------------+---------------------+------------------------------------+


+---------------------------------------------------------------------------------------------+
; Flow OS Summary                                                                             ;
+---------------------------+------------------+----------------+------------+----------------+
; Module Name               ; Machine Hostname ; OS Name        ; OS Version ; Processor type ;
+---------------------------+------------------+----------------+------------+----------------+
; Analysis & Synthesis      ; damien-HP        ; Ubuntu 16.04.2 ; 16         ; x86_64         ;
; Fitter                    ; damien-HP        ; Ubuntu 16.04.2 ; 16         ; x86_64         ;
; Assembler                 ; damien-HP        ; Ubuntu 16.04.2 ; 16         ; x86_64         ;
; TimeQuest Timing Analyzer ; damien-HP        ; Ubuntu 16.04.2 ; 16         ; x86_64         ;
+---------------------------+------------------+----------------+------------+----------------+


------------
; Flow Log ;
------------
quartus_map --read_settings_files=on --write_settings_files=off DE0_NANO -c DE0_NANO
quartus_fit --read_settings_files=off --write_settings_files=off DE0_NANO -c DE0_NANO
quartus_asm --read_settings_files=off --write_settings_files=off DE0_NANO -c DE0_NANO
quartus_sta DE0_NANO -c DE0_NANO



