Flow report for DE0_NANO
Thu Feb 23 15:41:34 2017
Quartus Prime Version 16.0.0 Build 211 04/27/2016 SJ Lite Edition


---------------------
; Table of Contents ;
---------------------
  1. Legal Notice
  2. Flow Summary
  3. Flow Settings
  4. Flow Non-Default Global Settings
  5. Flow Elapsed Time
  6. Flow OS Summary
  7. Flow Log
  8. Flow Messages
  9. Flow Suppressed Messages



----------------
; Legal Notice ;
----------------
Copyright (C) 1991-2016 Altera Corporation. All rights reserved.
Your use of Altera Corporation's design tools, logic functions 
and other software and tools, and its AMPP partner logic 
functions, and any output files from any of the foregoing 
(including device programming or simulation files), and any 
associated documentation or information are expressly subject 
to the terms and conditions of the Altera Program License 
Subscription Agreement, the Altera Quartus Prime License Agreement,
the Altera MegaCore Function License Agreement, or other 
applicable license agreement, including, without limitation, 
that your use is for the sole purpose of programming logic 
devices manufactured by Altera and sold by Altera or its 
authorized distributors.  Please refer to the applicable 
agreement for further details.



+----------------------------------------------------------------------------------+
; Flow Summary                                                                     ;
+------------------------------------+---------------------------------------------+
; Flow Status                        ; Successful - Thu Feb 23 15:41:24 2017       ;
; Quartus Prime Version              ; 16.0.0 Build 211 04/27/2016 SJ Lite Edition ;
; Revision Name                      ; DE0_NANO                                    ;
; Top-level Entity Name              ; DE0_NANO                                    ;
; Family                             ; Cyclone IV E                                ;
; Device                             ; EP4CE22F17C6                                ;
; Timing Models                      ; Final                                       ;
; Total logic elements               ; 6,770 / 22,320 ( 30 % )                     ;
;     Total combinational functions  ; 4,734 / 22,320 ( 21 % )                     ;
;     Dedicated logic registers      ; 4,621 / 22,320 ( 21 % )                     ;
; Total registers                    ; 4621                                        ;
; Total pins                         ; 148 / 154 ( 96 % )                          ;
; Total virtual pins                 ; 0                                           ;
; Total memory bits                  ; 349,248 / 608,256 ( 57 % )                  ;
; Embedded Multiplier 9-bit elements ; 0 / 132 ( 0 % )                             ;
; Total PLLs                         ; 2 / 4 ( 50 % )                              ;
+------------------------------------+---------------------------------------------+


+-----------------------------------------+
; Flow Settings                           ;
+-------------------+---------------------+
; Option            ; Setting             ;
+-------------------+---------------------+
; Start date & time ; 02/23/2017 15:39:23 ;
; Main task         ; Compilation         ;
; Revision Name     ; DE0_NANO            ;
+-------------------+---------------------+


+-------------------------------------------------------------------------------------------------------------------------------------------------------------------+
; Flow Non-Default Global Settings                                                                                                                                  ;
+-------------------------------------+----------------------------------------------------------------------------+---------------+-------------+------------------+
; Assignment Name                     ; Value                                                                      ; Default Value ; Entity Name ; Section Id       ;
+-------------------------------------+----------------------------------------------------------------------------+---------------+-------------+------------------+
; COMPILER_SIGNATURE_ID               ; 0.148786076319978                                                          ; --            ; --          ; --               ;
; ENABLE_SIGNALTAP                    ; On                                                                         ; --            ; --          ; --               ;
; MAX_CORE_JUNCTION_TEMP              ; 85                                                                         ; --            ; --          ; --               ;
; MIN_CORE_JUNCTION_TEMP              ; 0                                                                          ; --            ; --          ; --               ;
; MISC_FILE                           ; unsaved/synthesis/../unsaved.cmp                                           ; --            ; --          ; --               ;
; MISC_FILE                           ; unsaved/synthesis/../../unsaved.qsys                                       ; --            ; --          ; --               ;
; MISC_FILE                           ; sdram_control/Sdram_WR_FIFO_inst.v                                         ; --            ; --          ; --               ;
; MISC_FILE                           ; sdram_control/Sdram_WR_FIFO_bb.v                                           ; --            ; --          ; --               ;
; MISC_FILE                           ; sdram_control/Sdram_RD_FIFO_inst.v                                         ; --            ; --          ; --               ;
; MISC_FILE                           ; sdram_control/Sdram_RD_FIFO_bb.v                                           ; --            ; --          ; --               ;
; MISC_FILE                           ; MTL_PLL_inst.v                                                             ; --            ; --          ; --               ;
; MISC_FILE                           ; MTL_PLL_bb.v                                                               ; --            ; --          ; --               ;
; MISC_FILE                           ; MTL_PLL.ppf                                                                ; --            ; --          ; --               ;
; MISC_FILE                           ; RAM_PLL_inst.v                                                             ; --            ; --          ; --               ;
; MISC_FILE                           ; RAM_PLL_bb.v                                                               ; --            ; --          ; --               ;
; MISC_FILE                           ; RAM_PLL.ppf                                                                ; --            ; --          ; --               ;
; MISC_FILE                           ; Loading_ROM_inst.v                                                         ; --            ; --          ; --               ;
; MISC_FILE                           ; Loading_ROM_bb.v                                                           ; --            ; --          ; --               ;
; PARTITION_COLOR                     ; 16764057                                                                   ; --            ; --          ; Top              ;
; PARTITION_FITTER_PRESERVATION_LEVEL ; PLACEMENT_AND_ROUTING                                                      ; --            ; --          ; Top              ;
; PARTITION_NETLIST_TYPE              ; SOURCE                                                                     ; --            ; --          ; Top              ;
; POWER_BOARD_THERMAL_MODEL           ; None (CONSERVATIVE)                                                        ; --            ; --          ; --               ;
; POWER_PRESET_COOLING_SOLUTION       ; 23 MM HEAT SINK WITH 200 LFPM AIRFLOW                                      ; --            ; --          ; --               ;
; SLD_FILE                            ; unsaved/synthesis/unsaved.regmap                                           ; --            ; --          ; --               ;
; SLD_FILE                            ; unsaved/synthesis/unsaved.debuginfo                                        ; --            ; --          ; --               ;
; SLD_FILE                            ; db/stp_MTL_ports_auto_stripped.stp                                         ; --            ; --          ; --               ;
; SLD_INFO                            ; QSYS_NAME unsaved HAS_SOPCINFO 1 GENERATION_ID 1487860735                  ; --            ; unsaved     ; --               ;
; SLD_NODE_CREATOR_ID                 ; 110                                                                        ; --            ; --          ; auto_signaltap_0 ;
; SLD_NODE_ENTITY_NAME                ; sld_signaltap                                                              ; --            ; --          ; auto_signaltap_0 ;
; SLD_NODE_PARAMETER_ASSIGNMENT       ; SLD_RAM_BLOCK_TYPE=AUTO                                                    ; --            ; --          ; auto_signaltap_0 ;
; SLD_NODE_PARAMETER_ASSIGNMENT       ; SLD_NODE_INFO=805334528                                                    ; --            ; --          ; auto_signaltap_0 ;
; SLD_NODE_PARAMETER_ASSIGNMENT       ; SLD_POWER_UP_TRIGGER=0                                                     ; --            ; --          ; auto_signaltap_0 ;
; SLD_NODE_PARAMETER_ASSIGNMENT       ; SLD_STORAGE_QUALIFIER_INVERSION_MASK_LENGTH=0                              ; --            ; --          ; auto_signaltap_0 ;
; SLD_NODE_PARAMETER_ASSIGNMENT       ; SLD_ATTRIBUTE_MEM_MODE=OFF                                                 ; --            ; --          ; auto_signaltap_0 ;
; SLD_NODE_PARAMETER_ASSIGNMENT       ; SLD_STATE_FLOW_USE_GENERATED=0                                             ; --            ; --          ; auto_signaltap_0 ;
; SLD_NODE_PARAMETER_ASSIGNMENT       ; SLD_STATE_BITS=11                                                          ; --            ; --          ; auto_signaltap_0 ;
; SLD_NODE_PARAMETER_ASSIGNMENT       ; SLD_BUFFER_FULL_STOP=1                                                     ; --            ; --          ; auto_signaltap_0 ;
; SLD_NODE_PARAMETER_ASSIGNMENT       ; SLD_CURRENT_RESOURCE_WIDTH=1                                               ; --            ; --          ; auto_signaltap_0 ;
; SLD_NODE_PARAMETER_ASSIGNMENT       ; SLD_INCREMENTAL_ROUTING=1                                                  ; --            ; --          ; auto_signaltap_0 ;
; SLD_NODE_PARAMETER_ASSIGNMENT       ; SLD_TRIGGER_LEVEL=1                                                        ; --            ; --          ; auto_signaltap_0 ;
; SLD_NODE_PARAMETER_ASSIGNMENT       ; SLD_TRIGGER_IN_ENABLED=0                                                   ; --            ; --          ; auto_signaltap_0 ;
; SLD_NODE_PARAMETER_ASSIGNMENT       ; SLD_TRIGGER_LEVEL_PIPELINE=1                                               ; --            ; --          ; auto_signaltap_0 ;
; SLD_NODE_PARAMETER_ASSIGNMENT       ; SLD_TRIGGER_PIPELINE=0                                                     ; --            ; --          ; auto_signaltap_0 ;
; SLD_NODE_PARAMETER_ASSIGNMENT       ; SLD_RAM_PIPELINE=0                                                         ; --            ; --          ; auto_signaltap_0 ;
; SLD_NODE_PARAMETER_ASSIGNMENT       ; SLD_COUNTER_PIPELINE=0                                                     ; --            ; --          ; auto_signaltap_0 ;
; SLD_NODE_PARAMETER_ASSIGNMENT       ; SLD_DATA_BITS=162                                                          ; --            ; --          ; auto_signaltap_0 ;
; SLD_NODE_PARAMETER_ASSIGNMENT       ; SLD_TRIGGER_BITS=162                                                       ; --            ; --          ; auto_signaltap_0 ;
; SLD_NODE_PARAMETER_ASSIGNMENT       ; SLD_STORAGE_QUALIFIER_BITS=162                                             ; --            ; --          ; auto_signaltap_0 ;
; SLD_NODE_PARAMETER_ASSIGNMENT       ; SLD_INVERSION_MASK=000000000000000000000000                                ; --            ; --          ; auto_signaltap_0 ;
; SLD_NODE_PARAMETER_ASSIGNMENT       ; SLD_INVERSION_MASK_LENGTH=24                                               ; --            ; --          ; auto_signaltap_0 ;
; SLD_NODE_PARAMETER_ASSIGNMENT       ; SLD_SEGMENT_SIZE=1024                                                      ; --            ; --          ; auto_signaltap_0 ;
; SLD_NODE_PARAMETER_ASSIGNMENT       ; SLD_SAMPLE_DEPTH=1024                                                      ; --            ; --          ; auto_signaltap_0 ;
; SLD_NODE_PARAMETER_ASSIGNMENT       ; SLD_ADVANCED_TRIGGER_ENTITY=sld_reserved_DE0_NANO_auto_signaltap_0_1_eb30, ; --            ; --          ; auto_signaltap_0 ;
; SLD_NODE_PARAMETER_ASSIGNMENT       ; SLD_ENABLE_ADVANCED_TRIGGER=1                                              ; --            ; --          ; auto_signaltap_0 ;
; SOPCINFO_FILE                       ; unsaved/synthesis/../../unsaved.sopcinfo                                   ; --            ; --          ; --               ;
; SYNTHESIS_ONLY_QIP                  ; On                                                                         ; --            ; --          ; --               ;
; USE_SIGNALTAP_FILE                  ; stp_MTL_ports.stp                                                          ; --            ; --          ; --               ;
+-------------------------------------+----------------------------------------------------------------------------+---------------+-------------+------------------+


+-------------------------------------------------------------------------------------------------------------------------------+
; Flow Elapsed Time                                                                                                             ;
+---------------------------+--------------+-------------------------+---------------------+------------------------------------+
; Module Name               ; Elapsed Time ; Average Processors Used ; Peak Virtual Memory ; Total CPU Time (on all processors) ;
+---------------------------+--------------+-------------------------+---------------------+------------------------------------+
; Analysis & Synthesis      ; 00:00:53     ; 1.0                     ; 1476 MB             ; 00:01:34                           ;
; Fitter                    ; 00:00:49     ; 1.1                     ; 1589 MB             ; 00:01:03                           ;
; Assembler                 ; 00:00:03     ; 1.0                     ; 1133 MB             ; 00:00:03                           ;
; TimeQuest Timing Analyzer ; 00:00:06     ; 1.2                     ; 1249 MB             ; 00:00:07                           ;
; Total                     ; 00:01:51     ; --                      ; --                  ; 00:02:47                           ;
+---------------------------+--------------+-------------------------+---------------------+------------------------------------+


+---------------------------------------------------------------------------------------------+
; Flow OS Summary                                                                             ;
+---------------------------+------------------+----------------+------------+----------------+
; Module Name               ; Machine Hostname ; OS Name        ; OS Version ; Processor type ;
+---------------------------+------------------+----------------+------------+----------------+
; Analysis & Synthesis      ; bilal-SVF15A1C5E ; Ubuntu 16.04.1 ; 16         ; x86_64         ;
; Fitter                    ; bilal-SVF15A1C5E ; Ubuntu 16.04.1 ; 16         ; x86_64         ;
; Assembler                 ; bilal-SVF15A1C5E ; Ubuntu 16.04.1 ; 16         ; x86_64         ;
; TimeQuest Timing Analyzer ; bilal-SVF15A1C5E ; Ubuntu 16.04.1 ; 16         ; x86_64         ;
+---------------------------+------------------+----------------+------------+----------------+


------------
; Flow Log ;
------------
quartus_map --read_settings_files=on --write_settings_files=off DE0_NANO -c DE0_NANO
quartus_fit --read_settings_files=off --write_settings_files=off DE0_NANO -c DE0_NANO
quartus_asm --read_settings_files=off --write_settings_files=off DE0_NANO -c DE0_NANO
quartus_sta DE0_NANO -c DE0_NANO



